 I got the following exception at foo:var
  while running JUnit tests:

  [junit] java.lang.ArithmeticException: / by zero
  [junit] 	at test.main(test.java:15)
  [junit] 	at sun.reflect.NativeMethodAccessorImpl.invoke0
  (Native Method)
  [junit] 	at sun.reflect.NativeMethodAccessorImpl.invoke(Native
  MethodAccessorImpl.java:39)
  [junit] 	at sun.reflect.DelegatingMethodAccessorImpl.inv
== Message: ==
 I got the following exception at foo:var
  while running JUnit tests:

== Stacktrace: ==
  [junit] java.lang.ArithmeticException: / by zero
  [junit]   at test.main(test.java:15)
  [junit]   at sun.reflect.NativeMethodAccessorImpl.invoke0(Native Method)
  [junit]   at sun.reflect.NativeMethodAccessorImpl.invoke(NativeMethodAccessorImpl.java:39)
  [junit]   at sun.reflect.DelegatingMethodAccessorImpl.inv
